<?xml version="1.0" encoding="UTF-8"?>
<!-- Generated by org.testng.reporters.JUnitXMLReporter -->
<testsuite ignored="0" hostname="DESKTOP-KR6B0UD" failures="0" tests="1" name="Test" time="0.032" errors="0" timestamp="2025-03-05T17:18:36 IST">
  <testcase classname="base.BaseTest" name="@BeforeSuite setUp" time="47.275">
    <failure type="org.openqa.selenium.SessionNotCreatedException" message="Could not start a new session. Response code 500. Message: An unknown server-side error occurred while processing the command. Original error: Cannot start the &amp;apos;com.swaglabsmobileapp&amp;apos; application. Consider checking the driver&amp;apos;s troubleshooting documentation. Original error: &amp;apos;com.swaglabsmobileapp.SplashActivity&amp;apos; never started. Consider checking the driver&amp;apos;s troubleshooting documentation. 
Host info: host: &amp;apos;DESKTOP-KR6B0UD&amp;apos;, ip: &amp;apos;192.168.1.117&amp;apos;
Build info: version: &amp;apos;4.29.0&amp;apos;, revision: &amp;apos;5fc1ec94cb&amp;apos;
System info: os.name: &amp;apos;Windows 11&amp;apos;, os.arch: &amp;apos;amd64&amp;apos;, os.version: &amp;apos;10.0&amp;apos;, java.version: &amp;apos;23.0.1&amp;apos;
Driver info: io.appium.java_client.android.AndroidDriver
Command: [null, newSession {capabilities=[Capabilities {appium:appPackage: com.swaglabsmobileapp, appium:appWaitActivity: com.swaglabsmobileapp.Splas..., appium:automationName: UiAutomator2, appium:avd: Pixel_6_Pro, appium:avdLaunchTimeout: 180000, appium:avdReadyTimeout: 60000, appium:deviceName: realme narzo N55, appium:dontStopAppOnReset: true, appium:ignoreHiddenApiPolicyError: true, appium:noReset: true, platformName: ANDROID}]}]
Capabilities {appium:appPackage: com.swaglabsmobileapp, appium:appWaitActivity: com.swaglabsmobileapp.Splas..., appium:automationName: UiAutomator2, appium:avd: Pixel_6_Pro, appium:avdLaunchTimeout: 180000, appium:avdReadyTimeout: 60000, appium:deviceName: realme narzo N55, appium:dontStopAppOnReset: true, appium:ignoreHiddenApiPolicyError: true, appium:noReset: true, platformName: ANDROID}">
      <![CDATA[org.openqa.selenium.SessionNotCreatedException: Could not start a new session. Response code 500. Message: An unknown server-side error occurred while processing the command. Original error: Cannot start the 'com.swaglabsmobileapp' application. Consider checking the driver's troubleshooting documentation. Original error: 'com.swaglabsmobileapp.SplashActivity' never started. Consider checking the driver's troubleshooting documentation. 
Host info: host: 'DESKTOP-KR6B0UD', ip: '192.168.1.117'
Build info: version: '4.29.0', revision: '5fc1ec94cb'
System info: os.name: 'Windows 11', os.arch: 'amd64', os.version: '10.0', java.version: '23.0.1'
Driver info: io.appium.java_client.android.AndroidDriver
Command: [null, newSession {capabilities=[Capabilities {appium:appPackage: com.swaglabsmobileapp, appium:appWaitActivity: com.swaglabsmobileapp.Splas..., appium:automationName: UiAutomator2, appium:avd: Pixel_6_Pro, appium:avdLaunchTimeout: 180000, appium:avdReadyTimeout: 60000, appium:deviceName: realme narzo N55, appium:dontStopAppOnReset: true, appium:ignoreHiddenApiPolicyError: true, appium:noReset: true, platformName: ANDROID}]}]
Capabilities {appium:appPackage: com.swaglabsmobileapp, appium:appWaitActivity: com.swaglabsmobileapp.Splas..., appium:automationName: UiAutomator2, appium:avd: Pixel_6_Pro, appium:avdLaunchTimeout: 180000, appium:avdReadyTimeout: 60000, appium:deviceName: realme narzo N55, appium:dontStopAppOnReset: true, appium:ignoreHiddenApiPolicyError: true, appium:noReset: true, platformName: ANDROID}
at org.openqa.selenium.remote.ProtocolHandshake.createSession(ProtocolHandshake.java:114)
at org.openqa.selenium.remote.ProtocolHandshake.createSession(ProtocolHandshake.java:75)
at org.openqa.selenium.remote.ProtocolHandshake.createSession(ProtocolHandshake.java:61)
at io.appium.java_client.remote.AppiumCommandExecutor.createSession(AppiumCommandExecutor.java:176)
at io.appium.java_client.remote.AppiumCommandExecutor.execute(AppiumCommandExecutor.java:237)
at org.openqa.selenium.remote.RemoteWebDriver.execute(RemoteWebDriver.java:545)
at io.appium.java_client.AppiumDriver.startSession(AppiumDriver.java:270)
at org.openqa.selenium.remote.RemoteWebDriver.<init>(RemoteWebDriver.java:174)
at io.appium.java_client.AppiumDriver.<init>(AppiumDriver.java:91)
at io.appium.java_client.AppiumDriver.<init>(AppiumDriver.java:103)
at io.appium.java_client.android.AndroidDriver.<init>(AndroidDriver.java:109)
at utils.DriverManager.initializeDriver(DriverManager.java:43)
at base.BaseTest.setUp(BaseTest.java:13)
... Removed 17 stack frames]]>
    </failure>
  </testcase> <!-- @BeforeSuite setUp -->
  <testcase classname="base.BaseTest" name="test" time="0.0">
    <skipped/>
  </testcase> <!-- test -->
</testsuite> <!-- Test -->
