<?xml version="1.0" encoding="UTF-8"?>
<!-- Generated by org.testng.reporters.JUnitXMLReporter -->
<testsuite ignored="0" hostname="DESKTOP-KR6B0UD" failures="0" tests="1" name="Test" time="0.037" errors="0" timestamp="2025-03-07T10:27:10 IST">
  <testcase classname="base.BaseTest" name="@BeforeSuite setUp" time="13.434">
    <failure type="org.openqa.selenium.SessionNotCreatedException" message="Could not start a new session. Possible causes are invalid address of the remote server or browser start-up failure. 
Host info: host: &amp;apos;DESKTOP-KR6B0UD&amp;apos;, ip: &amp;apos;192.168.1.117&amp;apos;
Build info: version: &amp;apos;4.29.0&amp;apos;, revision: &amp;apos;5fc1ec94cb&amp;apos;
System info: os.name: &amp;apos;Windows 11&amp;apos;, os.arch: &amp;apos;amd64&amp;apos;, os.version: &amp;apos;10.0&amp;apos;, java.version: &amp;apos;23.0.1&amp;apos;
Driver info: io.appium.java_client.android.AndroidDriver
Command: [null, newSession {capabilities=[Capabilities {appium:app: D:\SoftWare_Apps\SauceLabs.apk, appium:appPackage: com.swaglabsmobileapp, appium:appWaitActivity: com.swaglabsmobileapp.Splas..., appium:automationName: UiAutomator2, appium:avd: Pixel_6_Pro, appium:avdLaunchTimeout: 180000, appium:avdReadyTimeout: 60000, appium:deviceName: realme narzo N55, appium:dontStopAppOnReset: true, appium:ignoreHiddenApiPolicyError: true, appium:noReset: true, platformName: ANDROID}]}]
Capabilities {appium:app: D:\SoftWare_Apps\SauceLabs.apk, appium:appPackage: com.swaglabsmobileapp, appium:appWaitActivity: com.swaglabsmobileapp.Splas..., appium:automationName: UiAutomator2, appium:avd: Pixel_6_Pro, appium:avdLaunchTimeout: 180000, appium:avdReadyTimeout: 60000, appium:deviceName: realme narzo N55, appium:dontStopAppOnReset: true, appium:ignoreHiddenApiPolicyError: true, appium:noReset: true, platformName: ANDROID}">
      <![CDATA[org.openqa.selenium.SessionNotCreatedException: Could not start a new session. Possible causes are invalid address of the remote server or browser start-up failure. 
Host info: host: 'DESKTOP-KR6B0UD', ip: '192.168.1.117'
Build info: version: '4.29.0', revision: '5fc1ec94cb'
System info: os.name: 'Windows 11', os.arch: 'amd64', os.version: '10.0', java.version: '23.0.1'
Driver info: io.appium.java_client.android.AndroidDriver
Command: [null, newSession {capabilities=[Capabilities {appium:app: D:\SoftWare_Apps\SauceLabs.apk, appium:appPackage: com.swaglabsmobileapp, appium:appWaitActivity: com.swaglabsmobileapp.Splas..., appium:automationName: UiAutomator2, appium:avd: Pixel_6_Pro, appium:avdLaunchTimeout: 180000, appium:avdReadyTimeout: 60000, appium:deviceName: realme narzo N55, appium:dontStopAppOnReset: true, appium:ignoreHiddenApiPolicyError: true, appium:noReset: true, platformName: ANDROID}]}]
Capabilities {appium:app: D:\SoftWare_Apps\SauceLabs.apk, appium:appPackage: com.swaglabsmobileapp, appium:appWaitActivity: com.swaglabsmobileapp.Splas..., appium:automationName: UiAutomator2, appium:avd: Pixel_6_Pro, appium:avdLaunchTimeout: 180000, appium:avdReadyTimeout: 60000, appium:deviceName: realme narzo N55, appium:dontStopAppOnReset: true, appium:ignoreHiddenApiPolicyError: true, appium:noReset: true, platformName: ANDROID}
at org.openqa.selenium.remote.RemoteWebDriver.execute(RemoteWebDriver.java:563)
at io.appium.java_client.AppiumDriver.startSession(AppiumDriver.java:270)
at org.openqa.selenium.remote.RemoteWebDriver.<init>(RemoteWebDriver.java:174)
at io.appium.java_client.AppiumDriver.<init>(AppiumDriver.java:91)
at io.appium.java_client.AppiumDriver.<init>(AppiumDriver.java:103)
at io.appium.java_client.android.AndroidDriver.<init>(AndroidDriver.java:109)
at utils.DriverManager.initializeDriver(DriverManager.java:43)
at base.BaseTest.setUp(BaseTest.java:13)
Caused by: java.io.UncheckedIOException: java.net.ConnectException
at org.openqa.selenium.remote.http.jdk.JdkHttpClient.execute0(JdkHttpClient.java:497)
at io.appium.java_client.internal.filters.AppiumIdempotencyFilter.lambda$apply$0(AppiumIdempotencyFilter.java:35)
at io.appium.java_client.internal.filters.AppiumUserAgentFilter.lambda$apply$0(AppiumUserAgentFilter.java:87)
at org.openqa.selenium.remote.http.Filter.lambda$andFinally$1(Filter.java:55)
at org.openqa.selenium.remote.http.jdk.JdkHttpClient.lambda$executeAsync$1(JdkHttpClient.java:384)
at java.base/java.util.concurrent.Executors$RunnableAdapter.call(Executors.java:572)
at java.base/java.util.concurrent.FutureTask.run(FutureTask.java:317)
at java.base/java.util.concurrent.ThreadPoolExecutor.runWorker(ThreadPoolExecutor.java:1144)
at java.base/java.util.concurrent.ThreadPoolExecutor$Worker.run(ThreadPoolExecutor.java:642)
at java.base/java.lang.Thread.run(Thread.java:1575)
Caused by: java.net.ConnectException
at java.net.http/jdk.internal.net.http.HttpClientImpl.send(HttpClientImpl.java:956)
at java.net.http/jdk.internal.net.http.HttpClientFacade.send(HttpClientFacade.java:133)
at org.openqa.selenium.remote.http.jdk.JdkHttpClient.execute0(JdkHttpClient.java:456)
... 9 more
Caused by: java.net.ConnectException
at java.net.http/jdk.internal.net.http.common.Utils.toConnectException(Utils.java:1082)
at java.net.http/jdk.internal.net.http.PlainHttpConnection.connectAsync(PlainHttpConnection.java:227)
at java.net.http/jdk.internal.net.http.PlainHttpConnection.checkRetryConnect(PlainHttpConnection.java:280)
at java.net.http/jdk.internal.net.http.PlainHttpConnection.lambda$connectAsync$2(PlainHttpConnection.java:238)
at java.base/java.util.concurrent.CompletableFuture.uniHandle(CompletableFuture.java:978)
at java.base/java.util.concurrent.CompletableFuture$UniHandle.tryFire(CompletableFuture.java:955)
at java.base/java.util.concurrent.CompletableFuture.postComplete(CompletableFuture.java:554)
at java.base/java.util.concurrent.CompletableFuture$AsyncSupply.run(CompletableFuture.java:1817)
... 3 more
Caused by: java.nio.channels.ClosedChannelException
at java.base/sun.nio.ch.SocketChannelImpl.ensureOpen(SocketChannelImpl.java:204)
at java.base/sun.nio.ch.SocketChannelImpl.connect(SocketChannelImpl.java:958)
at java.net.http/jdk.internal.net.http.PlainHttpConnection.lambda$connectAsync$1(PlainHttpConnection.java:210)
at java.base/java.security.AccessController.doPrivileged(AccessController.java:571)
at java.net.http/jdk.internal.net.http.PlainHttpConnection.connectAsync(PlainHttpConnection.java:212)
... 9 more
... Removed 17 stack frames]]>
    </failure>
  </testcase> <!-- @BeforeSuite setUp -->
  <testcase classname="base.BaseTest" name="test" time="0.0">
    <skipped/>
  </testcase> <!-- test -->
</testsuite> <!-- Test -->
